This is pdfTeX, Version 3.14159265-2.6-1.40.21 (MiKTeX 21.1) (preloaded format=pdflatex 2021.2.4)  16 NOV 2021 14:34
entering extended mode
**"C:/Users/sophie.pfister/Google Drive/Bachelor Thesis _ Sophie Pfister/LaTeX/
Thesis/thesis.tex"

("C:/Users/sophie.pfister/Google Drive/Bachelor Thesis _ Sophie Pfister/LaTeX/T
hesis/thesis.tex"
LaTeX2e <2020-10-01> patch level 4
L3 programming layer <2021-01-09> xparse <2020-03-03>
("C:\Program Files\MiKTeX\tex/latex/base\book.cls"
Document Class: book 2020/04/10 v1.4m Standard LaTeX document class
("C:\Program Files\MiKTeX\tex/latex/base\bk12.clo"
File: bk12.clo 2020/04/10 v1.4m Standard LaTeX file (size option)
)
\c@part=\count177
\c@chapter=\count178
\c@section=\count179
\c@subsection=\count180
\c@subsubsection=\count181
\c@paragraph=\count182
\c@subparagraph=\count183
\c@figure=\count184
\c@table=\count185
\abovecaptionskip=\skip47
\belowcaptionskip=\skip48
\bibindent=\dimen138
)
("C:\Program Files\MiKTeX\tex/generic/babel\babel.sty"
Package: babel 2020/12/16 3.52 The Babel package

("C:\Program Files\MiKTeX\tex/generic/babel\babel.def"
File: babel.def 2020/12/16 3.52 Babel common definitions
\babel@savecnt=\count186
\U@D=\dimen139
\l@babelnohyphens=\language79

("C:\Program Files\MiKTeX\tex/generic/babel\txtbabel.def")
\bbl@readstream=\read2
)
\bbl@dirlevel=\count187

*************************************
* Local config file bblopts.cfg used
*
("C:\Program Files\MiKTeX\tex/latex/arabi\bblopts.cfg"
File: bblopts.cfg 2005/09/08 v0.1 add Arabic and Farsi to "declared" options of
 babel
)
("C:\Program Files\MiKTeX\tex/latex/babel-english\american.ldf"
Language: american 2017/06/06 v3.3r English support from the babel system

("C:\Program Files\MiKTeX\tex/latex/babel-english\english.ldf"
Language: english 2017/06/06 v3.3r English support from the babel system
Package babel Info: \l@canadian = using hyphenrules for english
(babel)             (\language0) on input line 102.
Package babel Info: \l@australian = using hyphenrules for ukenglish
(babel)             (\language73) on input line 105.
Package babel Info: \l@newzealand = using hyphenrules for ukenglish
(babel)             (\language73) on input line 108.
)))
("C:/Users/sophie.pfister/Google Drive/Bachelor Thesis _ Sophie Pfister/LaTeX/T
hesis\preamble.tex"
(C:\Users\sophie.pfister\AppData\Roaming\MiKTeX\tex/latex/amscls\amsthm.sty
Package: amsthm 2020/05/29 v2.20.6
\thm@style=\toks15
\thm@bodyfont=\toks16
\thm@headfont=\toks17
\thm@notefont=\toks18
\thm@headpunct=\toks19
\thm@preskip=\skip49
\thm@postskip=\skip50
\thm@headsep=\skip51
\dth@everypar=\toks20
)
("C:\Program Files\MiKTeX\tex/latex/latex-tools\xspace.sty"
Package: xspace 2014/10/28 v1.13 Space after command names (DPC,MH)
)
(C:\Users\sophie.pfister\AppData\Roaming\MiKTeX\tex/latex/float\float.sty
Package: float 2001/11/08 v1.3d Float enhancements (AL)
\c@float@type=\count188
\float@exts=\toks21
\float@box=\box47
\@float@everytoks=\toks22
\@floatcapt=\box48
)
("C:\Program Files\MiKTeX\tex/latex/base\ifthen.sty"
Package: ifthen 2014/09/29 v1.1c Standard LaTeX ifthen package (DPC)
)
("C:\Program Files\MiKTeX\tex/latex/amsmath\amsbsy.sty"
Package: amsbsy 1999/11/29 v1.2d Bold Symbols

("C:\Program Files\MiKTeX\tex/latex/amsmath\amsgen.sty"
File: amsgen.sty 1999/11/30 v2.0 generic functions
\@emptytoks=\toks23
\ex@=\dimen140
)
\pmbraise@=\dimen141
)
("C:\Program Files\MiKTeX\tex/latex/amsfonts\amssymb.sty"
Package: amssymb 2013/01/14 v3.01 AMS font symbols

("C:\Program Files\MiKTeX\tex/latex/amsfonts\amsfonts.sty"
Package: amsfonts 2013/01/14 v3.01 Basic AMSFonts support
\symAMSa=\mathgroup4
\symAMSb=\mathgroup5
LaTeX Font Info:    Redeclaring math symbol \hbar on input line 98.
LaTeX Font Info:    Overwriting math alphabet `\mathfrak' in version `bold'
(Font)                  U/euf/m/n --> U/euf/b/n on input line 106.
))
(C:\Users\sophie.pfister\AppData\Roaming\MiKTeX\tex/latex/preprint\balance.sty
Package: balance 1999/02/23 4.3 (PWD)
\oldvsize=\dimen142
)
(C:\Users\sophie.pfister\AppData\Roaming\MiKTeX\tex/latex/booktabs\booktabs.sty
Package: booktabs 2020/01/12 v1.61803398 Publication quality tables
\heavyrulewidth=\dimen143
\lightrulewidth=\dimen144
\cmidrulewidth=\dimen145
\belowrulesep=\dimen146
\belowbottomsep=\dimen147
\aboverulesep=\dimen148
\abovetopsep=\dimen149
\cmidrulesep=\dimen150
\cmidrulekern=\dimen151
\defaultaddspace=\dimen152
\@cmidla=\count189
\@cmidlb=\count190
\@aboverulesep=\dimen153
\@belowrulesep=\dimen154
\@thisruleclass=\count191
\@lastruleclass=\count192
\@thisrulewidth=\dimen155
) ("C:\Program Files\MiKTeX\tex/latex/graphics\graphicx.sty"
Package: graphicx 2020/09/09 v1.2b Enhanced LaTeX Graphics (DPC,SPQR)

("C:\Program Files\MiKTeX\tex/latex/graphics\keyval.sty"
Package: keyval 2014/10/28 v1.15 key=value parser (DPC)
\KV@toks@=\toks24
)
("C:\Program Files\MiKTeX\tex/latex/graphics\graphics.sty"
Package: graphics 2020/08/30 v1.4c Standard LaTeX Graphics (DPC,SPQR)

("C:\Program Files\MiKTeX\tex/latex/graphics\trig.sty"
Package: trig 2016/01/03 v1.10 sin cos tan (DPC)
)
("C:\Program Files\MiKTeX\tex/latex/graphics-cfg\graphics.cfg"
File: graphics.cfg 2016/06/04 v1.11 sample graphics configuration
)
Package graphics Info: Driver file: pdftex.def on input line 105.

("C:\Program Files\MiKTeX\tex/latex/graphics-def\pdftex.def"
File: pdftex.def 2020/10/05 v1.2a Graphics/color driver for pdftex
))
\Gin@req@height=\dimen156
\Gin@req@width=\dimen157
)
("C:\Program Files\MiKTeX\tex/latex/graphics\rotating.sty"
Package: rotating 2016/08/11 v2.16d rotated objects in LaTeX
\c@r@tfl@t=\count193
\rotFPtop=\skip52
\rotFPbot=\skip53
\rot@float@box=\box49
\rot@mess@toks=\toks25
)
(C:\Users\sophie.pfister\AppData\Roaming\MiKTeX\tex/latex/multirow\multirow.sty
Package: multirow 2021/03/15 v2.8 Span multiple rows of a table
\multirow@colwidth=\skip54
\multirow@cntb=\count194
\multirow@dima=\skip55
\bigstrutjot=\dimen158
)
(C:\Users\sophie.pfister\AppData\Roaming\MiKTeX\tex/latex/needspace\needspace.s
ty
Package: needspace 2010/09/12 v1.3d reserve vertical space
)
(C:\Users\sophie.pfister\AppData\Roaming\MiKTeX\tex/latex/microtype\microtype.s
ty
Package: microtype 2021/03/14 v2.8c Micro-typographical refinements (RS)
\MT@toks=\toks26
\MT@count=\count195
LaTeX Info: Redefining \textls on input line 790.
\MT@outer@kern=\dimen159
LaTeX Info: Redefining \textmicrotypecontext on input line 1374.
\MT@listname@count=\count196

(C:\Users\sophie.pfister\AppData\Roaming\MiKTeX\tex/latex/microtype\microtype-p
dftex.def
File: microtype-pdftex.def 2021/03/14 v2.8c Definitions specific to pdftex (RS)

LaTeX Info: Redefining \lsstyle on input line 915.
LaTeX Info: Redefining \lslig on input line 915.
\MT@outer@space=\skip56
)
Package microtype Info: Loading configuration file microtype.cfg.

(C:\Users\sophie.pfister\AppData\Roaming\MiKTeX\tex/latex/microtype\microtype.c
fg
File: microtype.cfg 2021/03/14 v2.8c microtype main configuration file (RS)
))
(C:\Users\sophie.pfister\AppData\Roaming\MiKTeX\tex/latex/bold-extra\bold-extra
.sty
Package: bold-extra 2001/11/13 v0.1 Use fonts from cm/mf-extra/bold
)
(C:\Users\sophie.pfister\AppData\Roaming\MiKTeX\tex/latex/geometry\geometry.sty
Package: geometry 2020/01/02 v5.9 Page Geometry
("C:\Program Files\MiKTeX\tex/generic/iftex\ifvtex.sty"
Package: ifvtex 2019/10/25 v1.7 ifvtex legacy package. Use iftex instead.

("C:\Program Files\MiKTeX\tex/generic/iftex\iftex.sty"
Package: iftex 2020/03/06 v1.0d TeX engine tests
))
\Gm@cnth=\count197
\Gm@cntv=\count198
\c@Gm@tempcnt=\count199
\Gm@bindingoffset=\dimen160
\Gm@wd@mp=\dimen161
\Gm@odd@mp=\dimen162
\Gm@even@mp=\dimen163
\Gm@layoutwidth=\dimen164
\Gm@layoutheight=\dimen165
\Gm@layouthoffset=\dimen166
\Gm@layoutvoffset=\dimen167
\Gm@dimlist=\toks27

(C:\Users\sophie.pfister\AppData\Roaming\MiKTeX\tex/latex/geometry\geometry.cfg
)) ("C:\Program Files\MiKTeX\tex/latex/latex-tools\varioref.sty"
Package: varioref 2020/08/11 v1.6e package for extended references (FMi)
\c@vrcnt=\count266
)
("C:\Program Files\MiKTeX\tex/latex/xcolor\xcolor.sty"
Package: xcolor 2016/05/11 v2.12 LaTeX color extensions (UK)

("C:\Program Files\MiKTeX\tex/latex/graphics-cfg\color.cfg"
File: color.cfg 2016/01/02 v1.6 sample color configuration
)
Package xcolor Info: Driver file: pdftex.def on input line 225.
Package xcolor Info: Model `cmy' substituted by `cmy0' on input line 1348.
Package xcolor Info: Model `hsb' substituted by `rgb' on input line 1352.
Package xcolor Info: Model `RGB' extended on input line 1364.
Package xcolor Info: Model `HTML' substituted by `rgb' on input line 1366.
Package xcolor Info: Model `Hsb' substituted by `hsb' on input line 1367.
Package xcolor Info: Model `tHsb' substituted by `hsb' on input line 1368.
Package xcolor Info: Model `HSB' substituted by `hsb' on input line 1369.
Package xcolor Info: Model `Gray' substituted by `gray' on input line 1370.
Package xcolor Info: Model `wave' substituted by `hsb' on input line 1371.
)
("C:\Program Files\MiKTeX\tex/latex/base\textcomp.sty"
Package: textcomp 2020/02/02 v2.0n Standard LaTeX package
)
("C:\Program Files\MiKTeX\tex/latex/listings\listings.sty"
\lst@mode=\count267
\lst@gtempboxa=\box50
\lst@token=\toks28
\lst@length=\count268
\lst@currlwidth=\dimen168
\lst@column=\count269
\lst@pos=\count270
\lst@lostspace=\dimen169
\lst@width=\dimen170
\lst@newlines=\count271
\lst@lineno=\count272
\lst@maxwidth=\dimen171

("C:\Program Files\MiKTeX\tex/latex/listings\lstmisc.sty"
File: lstmisc.sty 2020/03/24 1.8d (Carsten Heinz)
\c@lstnumber=\count273
\lst@skipnumbers=\count274
\lst@framebox=\box51
)
("C:\Program Files\MiKTeX\tex/latex/listings\listings.cfg"
File: listings.cfg 2020/03/24 1.8d listings configuration
))
Package: listings 2020/03/24 1.8d (Carsten Heinz)

(C:\Users\sophie.pfister\AppData\Roaming\MiKTeX\tex/latex/ulem\ulem.sty
\UL@box=\box52
\UL@hyphenbox=\box53
\UL@skip=\skip57
\UL@hook=\toks29
\UL@height=\dimen172
\UL@pe=\count275
\UL@pixel=\dimen173
\ULC@box=\box54
Package: ulem 2019/11/18
\ULdepth=\dimen174
)
(C:\Users\sophie.pfister\AppData\Roaming\MiKTeX\tex/latex/ucs\ucs.sty
Package: ucs 2013/05/11 v2.2 UCS: Unicode input support

(C:\Users\sophie.pfister\AppData\Roaming\MiKTeX\tex/latex/ucs\uni-global.def
File: uni-global.def 2013/05/13 UCS: Unicode global data
)
\uc@secondtry=\count276
\uc@combtoks=\toks30
\uc@combtoksb=\toks31
\uc@temptokena=\toks32
)
("C:\Program Files\MiKTeX\tex/latex/latex-tools\array.sty"
Package: array 2020/10/01 v2.5c Tabular extension package (FMi)
\col@sep=\dimen175
\ar@mcellbox=\box55
\extrarowheight=\dimen176
\NC@list=\toks33
\extratabsurround=\skip58
\backup@length=\skip59
\ar@cellbox=\box56
)
(C:\Users\sophie.pfister\AppData\Roaming\MiKTeX\tex/latex/psnfss\times.sty
Package: times 2020/03/25 PSNFSS-v9.3 (SPQR) 
)
("C:\Program Files\MiKTeX\tex/latex/url\url.sty"
\Urlmuskip=\muskip16
Package: url 2013/09/16  ver 3.4  Verb mode for urls, etc.
)
("C:\Program Files\MiKTeX\tex/latex/base\alltt.sty"
Package: alltt 1997/06/16 v2.0g defines alltt environment
)
("C:\Program Files\MiKTeX\tex/latex/amsmath\amsmath.sty"
Package: amsmath 2020/09/23 v2.17i AMS math features
\@mathmargin=\skip60

For additional information on amsmath, use the `?' option.
("C:\Program Files\MiKTeX\tex/latex/amsmath\amstext.sty"
Package: amstext 2000/06/29 v2.01 AMS text
)
("C:\Program Files\MiKTeX\tex/latex/amsmath\amsopn.sty"
Package: amsopn 2016/03/08 v2.02 operator names
)
\inf@bad=\count277
LaTeX Info: Redefining \frac on input line 234.
\uproot@=\count278
\leftroot@=\count279
LaTeX Info: Redefining \overline on input line 399.
\classnum@=\count280
\DOTSCASE@=\count281
LaTeX Info: Redefining \ldots on input line 496.
LaTeX Info: Redefining \dots on input line 499.
LaTeX Info: Redefining \cdots on input line 620.
\Mathstrutbox@=\box57
\strutbox@=\box58
\big@size=\dimen177
LaTeX Font Info:    Redeclaring font encoding OML on input line 743.
LaTeX Font Info:    Redeclaring font encoding OMS on input line 744.
\macc@depth=\count282
\c@MaxMatrixCols=\count283
\dotsspace@=\muskip17
\c@parentequation=\count284
\dspbrk@lvl=\count285
\tag@help=\toks34
\row@=\count286
\column@=\count287
\maxfields@=\count288
\andhelp@=\toks35
\eqnshift@=\dimen178
\alignsep@=\dimen179
\tagshift@=\dimen180
\tagwidth@=\dimen181
\totwidth@=\dimen182
\lineht@=\dimen183
\@envbody=\toks36
\multlinegap=\skip61
\multlinetaggap=\skip62
\mathdisplay@stack=\toks37
LaTeX Info: Redefining \[ on input line 2923.
LaTeX Info: Redefining \] on input line 2924.
)
("C:\Program Files\MiKTeX\tex/latex/l3packages/xfrac\xfrac.sty"
("C:\Program Files\MiKTeX\tex/latex/l3kernel\expl3.sty"
Package: expl3 2021-01-09 L3 programming layer (loader) 

("C:\Program Files\MiKTeX\tex/latex/l3backend\l3backend-pdftex.def"
File: l3backend-pdftex.def 2021-01-09 L3 backend support: PDF output (pdfTeX)
\l__kernel_color_stack_int=\count289
\l__pdf_internal_box=\box59
))
("C:\Program Files\MiKTeX\tex/latex/l3packages/l3keys2e\l3keys2e.sty"
Package: l3keys2e 2020-10-27 LaTeX2e option processing using LaTeX3 keys
)
("C:\Program Files\MiKTeX\tex/latex/l3packages/xparse\xparse.sty"
Package: xparse 2020-10-27 L3 Experimental document command parser

("C:\Program Files\MiKTeX\tex/latex/l3packages/xparse\xparse-generic.tex"))
("C:\Program Files\MiKTeX\tex/latex/l3packages/xtemplate\xtemplate.sty"
Package: xtemplate 2020-10-27 L3 Experimental prototype document functions
\l__xtemplate_tmp_dim=\dimen184
\l__xtemplate_tmp_int=\count290
\l__xtemplate_tmp_muskip=\muskip18
\l__xtemplate_tmp_skip=\skip63
)
Package: xfrac 2020-10-27 L3 Experimental split-level fractions
\l__xfrac_slash_box=\box60
\l__xfrac_tmp_box=\box61
\l__xfrac_denominator_bot_sep_dim=\dimen185
\l__xfrac_numerator_bot_sep_dim=\dimen186
\l__xfrac_numerator_top_sep_dim=\dimen187
\l__xfrac_slash_left_sep_dim=\dimen188
\l__xfrac_slash_right_sep_dim=\dimen189
\l__xfrac_slash_left_muskip=\muskip19
\l__xfrac_slash_right_muskip=\muskip20

Package xtemplate Info: Declaring object type 'xfrac' taking 3 argument(s) on
(xtemplate)             line 80.

)
(C:\Users\sophie.pfister\AppData\Roaming\MiKTeX\tex/latex/subfigure\subfigure.s
ty
Package: subfigure 2002/07/30 v2.1.4 subfigure package
\subfigtopskip=\skip64
\subfigcapskip=\skip65
\subfigcaptopadj=\dimen190
\subfigbottomskip=\skip66
\subfigcapmargin=\dimen191
\subfiglabelskip=\skip67
\c@subfigure=\count291
\c@lofdepth=\count292
\c@subtable=\count293
\c@lotdepth=\count294

****************************************
* Local config file subfigure.cfg used *
****************************************

(C:\Users\sophie.pfister\AppData\Roaming\MiKTeX\tex/latex/subfigure\subfigure.c
fg)
\subfig@top=\skip68
\subfig@bottom=\skip69
)
(C:\Users\sophie.pfister\AppData\Roaming\MiKTeX\tex/latex/appendix\appendix.sty
Package: appendix 2020/02/08 v1.2c extra appendix facilities
\c@@pps=\count295
\c@@ppsavesec=\count296
\c@@ppsaveapp=\count297
)
(C:\Users\sophie.pfister\AppData\Roaming\MiKTeX\tex/latex/stmaryrd\stmaryrd.sty
Package: stmaryrd 1994/03/03 St Mary's Road symbol package
\symstmry=\mathgroup6
LaTeX Font Info:    Overwriting symbol font `stmry' in version `bold'
(Font)                  U/stmry/m/n --> U/stmry/b/n on input line 89.
)
(C:\Users\sophie.pfister\AppData\Roaming\MiKTeX\tex/latex/quotchap\quotchap.sty
Package: quotchap 2020/11/13 v1.3 Decorative Chapter Headings with Quotes
\@quotebox=\box62
)
(C:\Users\sophie.pfister\AppData\Roaming\MiKTeX\tex/latex/setspace\setspace.sty
Package: setspace 2011/12/19 v6.7a set line spacing
) (C:\Users\sophie.pfister\AppData\Roaming\MiKTeX\tex/latex/natbib\natbib.sty
Package: natbib 2010/09/13 8.31b (PWD, AO)
\bibhang=\skip70
\bibsep=\skip71
LaTeX Info: Redefining \cite on input line 694.
\c@NAT@ctr=\count298
)
(C:\Users\sophie.pfister\AppData\Roaming\MiKTeX\tex/latex/mdwtools\mdwlist.sty
Package: mdwlist 1996/05/02 1.1 Various list-related things
)
(C:\Users\sophie.pfister\AppData\Roaming\MiKTeX\tex/latex/changepage\chngpage.s
ty
Package: chngpage 2009/10/20 v1.2b change page layout
\c@cp@cnt=\count299
\c@cp@tempcnt=\count300
)
\c@qcounter=\count301
 ("C:\Program Files\MiKTeX\tex/latex/hyperref\hyperref.sty"
Package: hyperref 2020-05-15 v7.00e Hypertext links for LaTeX

(C:\Users\sophie.pfister\AppData\Roaming\MiKTeX\tex/generic/ltxcmds\ltxcmds.sty
Package: ltxcmds 2020-05-10 v1.25 LaTeX kernel commands for general use (HO)
) ("C:\Program Files\MiKTeX\tex/generic/pdftexcmds\pdftexcmds.sty"
Package: pdftexcmds 2020-06-27 v0.33 Utility functions of pdfTeX for LuaTeX (HO
)

(C:\Users\sophie.pfister\AppData\Roaming\MiKTeX\tex/generic/infwarerr\infwarerr
.sty
Package: infwarerr 2019/12/03 v1.5 Providing info/warning/error messages (HO)
)
Package pdftexcmds Info: \pdf@primitive is available.
Package pdftexcmds Info: \pdf@ifprimitive is available.
Package pdftexcmds Info: \pdfdraftmode found.
)
(C:\Users\sophie.pfister\AppData\Roaming\MiKTeX\tex/generic/kvsetkeys\kvsetkeys
.sty
Package: kvsetkeys 2019/12/15 v1.18 Key value parser (HO)
)
(C:\Users\sophie.pfister\AppData\Roaming\MiKTeX\tex/generic/kvdefinekeys\kvdefi
nekeys.sty
Package: kvdefinekeys 2019-12-19 v1.6 Define keys (HO)
)
(C:\Users\sophie.pfister\AppData\Roaming\MiKTeX\tex/generic/pdfescape\pdfescape
.sty
Package: pdfescape 2019/12/09 v1.15 Implements pdfTeX's escape features (HO)
)
(C:\Users\sophie.pfister\AppData\Roaming\MiKTeX\tex/latex/hycolor\hycolor.sty
Package: hycolor 2020-01-27 v1.10 Color options for hyperref/bookmark (HO)
)
(C:\Users\sophie.pfister\AppData\Roaming\MiKTeX\tex/latex/letltxmacro\letltxmac
ro.sty
Package: letltxmacro 2019/12/03 v1.6 Let assignment for LaTeX macros (HO)
)
(C:\Users\sophie.pfister\AppData\Roaming\MiKTeX\tex/latex/auxhook\auxhook.sty
Package: auxhook 2019-12-17 v1.6 Hooks for auxiliary files (HO)
)
(C:\Users\sophie.pfister\AppData\Roaming\MiKTeX\tex/latex/kvoptions\kvoptions.s
ty
Package: kvoptions 2020-10-07 v3.14 Key value format for package options (HO)
)
\@linkdim=\dimen192
\Hy@linkcounter=\count302
\Hy@pagecounter=\count303
 ("C:\Program Files\MiKTeX\tex/latex/hyperref\pd1enc.def"
File: pd1enc.def 2020-05-15 v7.00e Hyperref: PDFDocEncoding definition (HO)
Now handling font encoding PD1 ...
... no UTF-8 mapping file for font encoding PD1
)
(C:\Users\sophie.pfister\AppData\Roaming\MiKTeX\tex/generic/intcalc\intcalc.sty
Package: intcalc 2019/12/15 v1.3 Expandable calculations with integers (HO)
)
(C:\Users\sophie.pfister\AppData\Roaming\MiKTeX\tex/generic/etexcmds\etexcmds.s
ty
Package: etexcmds 2019/12/15 v1.7 Avoid name clashes with e-TeX commands (HO)
)
\Hy@SavedSpaceFactor=\count304
Package hyperref Info: Option `colorlinks' set `true' on input line 4338.
Package hyperref Info: Option `bookmarksnumbered' set `true' on input line 4338
.
Package hyperref Info: Option `bookmarks' set `true' on input line 4338.
Package hyperref Info: Option `plainpages' set `false' on input line 4338.
Package hyperref Info: Option `pdfpagelabels' set `true' on input line 4338.
Package hyperref Info: Hyper figures OFF on input line 4464.
Package hyperref Info: Link nesting OFF on input line 4469.
Package hyperref Info: Hyper index ON on input line 4472.
Package hyperref Info: Plain pages OFF on input line 4479.
Package hyperref Info: Backreferencing OFF on input line 4484.
Package hyperref Info: Implicit mode ON; LaTeX internals redefined.
Package hyperref Info: Bookmarks ON on input line 4717.
\c@Hy@tempcnt=\count305
LaTeX Info: Redefining \url on input line 5076.
\XeTeXLinkMargin=\dimen193

(C:\Users\sophie.pfister\AppData\Roaming\MiKTeX\tex/generic/bitset\bitset.sty
Package: bitset 2019/12/09 v1.3 Handle bit-vector datatype (HO)

(C:\Users\sophie.pfister\AppData\Roaming\MiKTeX\tex/generic/bigintcalc\bigintca
lc.sty
Package: bigintcalc 2019/12/15 v1.5 Expandable calculations on big integers (HO
)
))
\Fld@menulength=\count306
\Field@Width=\dimen194
\Fld@charsize=\dimen195
Package hyperref Info: Hyper figures OFF on input line 6347.
Package hyperref Info: Link nesting OFF on input line 6352.
Package hyperref Info: Hyper index ON on input line 6355.
Package hyperref Info: backreferencing OFF on input line 6362.
Package hyperref Info: Link coloring ON on input line 6365.
Package hyperref Info: Link coloring with OCG OFF on input line 6372.
Package hyperref Info: PDF/A mode OFF on input line 6377.
LaTeX Info: Redefining \ref on input line 6417.
LaTeX Info: Redefining \pageref on input line 6421.
 ("C:\Program Files\MiKTeX\tex/latex/base\atbegshi-ltx.sty"
Package: atbegshi-ltx 2020/08/17 v1.0a Emulation of the original atbegshi packa
ge
with kernel methods
)
\Hy@abspage=\count307
\c@Item=\count308
\c@Hfootnote=\count309
)
Package hyperref Info: Driver (autodetected): hpdftex.

("C:\Program Files\MiKTeX\tex/latex/hyperref\hpdftex.def"
File: hpdftex.def 2020-05-15 v7.00e Hyperref driver for pdfTeX

("C:\Program Files\MiKTeX\tex/latex/base\atveryend-ltx.sty"
Package: atveryend-ltx 2020/08/19 v1.0a Emulation of the original atvery packag
e
with kernel methods
)
\Fld@listcount=\count310
\c@bookmark@seq@number=\count311

(C:\Users\sophie.pfister\AppData\Roaming\MiKTeX\tex/latex/rerunfilecheck\rerunf
ilecheck.sty
Package: rerunfilecheck 2019/12/05 v1.9 Rerun checks for auxiliary files (HO)

(C:\Users\sophie.pfister\AppData\Roaming\MiKTeX\tex/generic/uniquecounter\uniqu
ecounter.sty
Package: uniquecounter 2019/12/15 v1.4 Provide unlimited unique counter (HO)
)
Package uniquecounter Info: New unique counter `rerunfilecheck' on input line 2
86.
)
\Hy@SectionHShift=\skip72
)
Package hyperref Info: Option `colorlinks' set `true' on input line 224.
LaTeX Font Info:    Trying to load font information for OT1+ptm on input line 2
28.

(C:\Users\sophie.pfister\AppData\Roaming\MiKTeX\tex/latex/psnfss\ot1ptm.fd
File: ot1ptm.fd 2001/06/04 font definitions for OT1/ptm.
)
No file thesis.aux.
\openout1 = `thesis.aux'.

LaTeX Font Info:    Checking defaults for OML/cmm/m/it on input line 228.
LaTeX Font Info:    ... okay on input line 228.
LaTeX Font Info:    Checking defaults for OMS/cmsy/m/n on input line 228.
LaTeX Font Info:    ... okay on input line 228.
LaTeX Font Info:    Checking defaults for OT1/cmr/m/n on input line 228.
LaTeX Font Info:    ... okay on input line 228.
LaTeX Font Info:    Checking defaults for T1/cmr/m/n on input line 228.
LaTeX Font Info:    ... okay on input line 228.
LaTeX Font Info:    Checking defaults for TS1/cmr/m/n on input line 228.
LaTeX Font Info:    ... okay on input line 228.
LaTeX Font Info:    Checking defaults for OMX/cmex/m/n on input line 228.
LaTeX Font Info:    ... okay on input line 228.
LaTeX Font Info:    Checking defaults for U/cmr/m/n on input line 228.
LaTeX Font Info:    ... okay on input line 228.
LaTeX Font Info:    Checking defaults for PD1/pdf/m/n on input line 228.
LaTeX Font Info:    ... okay on input line 228.
("C:\Program Files\MiKTeX\tex/context/base/mkii\supp-pdf.mkii"
[Loading MPS to PDF converter (version 2006.09.02).]
\scratchcounter=\count312
\scratchdimen=\dimen196
\scratchbox=\box63
\nofMPsegments=\count313
\nofMParguments=\count314
\everyMPshowfont=\toks38
\MPscratchCnt=\count315
\MPscratchDim=\dimen197
\MPnumerator=\count316
\makeMPintoPDFobject=\count317
\everyMPtoPDFconversion=\toks39
) ("C:\Program Files\MiKTeX\tex/latex/epstopdf-pkg\epstopdf-base.sty"
Package: epstopdf-base 2020-01-24 v2.11 Base part for package epstopdf
Package epstopdf-base Info: Redefining graphics rule for `.eps' on input line 4
85.
)
LaTeX Info: Redefining \microtypecontext on input line 228.
Package microtype Info: Generating PDF output.
Package microtype Info: Character protrusion enabled (level 2).
Package microtype Info: Using default protrusion set `alltext'.
Package microtype Info: Automatic font expansion enabled (level 2),
(microtype)             stretch: 20, shrink: 20, step: 1, non-selected.
Package microtype Info: Using default expansion set `alltext-nott'.
LaTeX Info: Redefining \showhyphens on input line 228.
Package microtype Info: No adjustment of tracking.
Package microtype Info: No adjustment of interword spacing.
Package microtype Info: No adjustment of character kerning.

(C:\Users\sophie.pfister\AppData\Roaming\MiKTeX\tex/latex/microtype\mt-ptm.cfg
File: mt-ptm.cfg 2006/04/20 v1.7 microtype config. file: Times (RS)
)
*geometry* driver: auto-detecting
*geometry* detected driver: pdftex
*geometry* verbose mode - [ preamble ] result:
* driver: pdftex
* paper: a4paper
* layout: <same size as paper>
* layoutoffset:(h,v)=(0.0pt,0.0pt)
* modes: 
* h-part:(L,W,R)=(89.62709pt, 418.25368pt, 89.6271pt)
* v-part:(T,H,B)=(101.40665pt, 591.5302pt, 152.11pt)
* \paperwidth=597.50787pt
* \paperheight=845.04684pt
* \textwidth=418.25368pt
* \textheight=591.5302pt
* \oddsidemargin=17.3571pt
* \evensidemargin=17.3571pt
* \topmargin=-2.73714pt
* \headheight=12.0pt
* \headsep=19.8738pt
* \topskip=12.0pt
* \footskip=30.0pt
* \marginparwidth=38.0pt
* \marginparsep=7.0pt
* \columnsep=10.0pt
* \skip\footins=10.8pt plus 4.0pt minus 2.0pt
* \hoffset=0.0pt
* \voffset=0.0pt
* \mag=1000
* \@twocolumnfalse
* \@twosidefalse
* \@mparswitchfalse
* \@reversemarginfalse
* (1in=72.27pt=25.4mm, 1cm=28.453pt)

\c@lstlisting=\count318
(C:\Users\sophie.pfister\AppData\Roaming\MiKTeX\tex/latex/ucs\ucsencs.def
File: ucsencs.def 2011/01/21 Fixes to fontencodings LGR, T3
)
Package hyperref Info: Link coloring ON on input line 228.

("C:\Program Files\MiKTeX\tex/latex/hyperref\nameref.sty"
Package: nameref 2019/09/16 v2.46 Cross-referencing by name of section

(C:\Users\sophie.pfister\AppData\Roaming\MiKTeX\tex/latex/refcount\refcount.sty
Package: refcount 2019/12/15 v3.6 Data extraction from label references (HO)
)
(C:\Users\sophie.pfister\AppData\Roaming\MiKTeX\tex/generic/gettitlestring\gett
itlestring.sty
Package: gettitlestring 2019/12/15 v1.6 Cleanup title references (HO)
)
\c@section@level=\count319
LaTeX Info: Redefining \Ref on input line 520.
)
LaTeX Info: Redefining \ref on input line 228.
LaTeX Info: Redefining \pageref on input line 228.
LaTeX Info: Redefining \nameref on input line 228.
\@outlinefile=\write3
\openout3 = `thesis.out'.

LaTeX Info: Redefining \Ref on input line 228.
<images//logos/UNI_Bern.png, id=3, 258.2448pt x 199.4652pt>
File: images//logos/UNI_Bern.png Graphic file (type png)
<use images//logos/UNI_Bern.png>
Package pdftex.def Info: images//logos/UNI_Bern.png  used on input line 237.
(pdftex.def)             Requested size: 129.12207pt x 99.73235pt.
 [1



{C:/Users/sophie.pfister/AppData/Local/MiKTeX/pdftex/config/pdftex.map} <C:/Use
rs/sophie.pfister/Google Drive/Bachelor Thesis _ Sophie Pfister/LaTeX/Thesis/im
ages//logos/UNI_Bern.png (PNG copy)>] [2])
LaTeX Font Info:    Trying to load font information for OT1+put on input line 9
.

(C:\Users\sophie.pfister\AppData\Roaming\MiKTeX\tex/latex/psnfss\ot1put.fd
File: ot1put.fd 2001/06/04 font definitions for OT1/put.
)
Package microtype Info: Loading generic protrusion settings for font family
(microtype)             `put' (encoding: OT1).
(microtype)             For optimal results, create family-specific settings.
(microtype)             See the microtype manual for details.
Package xcolor Info: Setting color `{}{0.6 0.6 0.6 rg 0.6 0.6 0.6 RG}{rgb}{0.6,
0.6,0.6}' on input line 9.
pdfTeX warning (ext4): destination with the same identifier (name{page.i}) has 
been already used, duplicate ignored
<to be read again> 
                   \relax 
l.14 \clearpage
                [1

]
Package xcolor Info: Setting color `{}{0.6 0.6 0.6 rg 0.6 0.6 0.6 RG}{rgb}{0.6,
0.6,0.6}' on input line 19.
\tf@toc=\write4
\openout4 = `thesis.toc'.

pdfTeX warning (ext4): destination with the same identifier (name{page.ii}) has
 been already used, duplicate ignored
<to be read again> 
                   \relax 
l.21 \mainmatter
                 [2


]
Chapter 1.
Package xcolor Info: Setting color `{}{0.6 0.6 0.6 rg 0.6 0.6 0.6 RG}{rgb}{0.6,
0.6,0.6}' on input line 27.

Package natbib Warning: Citation `buchanan2017' on page 1 undefined on input li
ne 32.


Package natbib Warning: Citation `buchanan2017' on page 1 undefined on input li
ne 34.


LaTeX Warning: Reference `cha:CryptoApi' on page 1 undefined on input line 39.


Package natbib Warning: Citation `acar2017' on page 1 undefined on input line 4
0.


Underfull \hbox (badness 10000) in paragraph at lines 30--42

 []


LaTeX Warning: Reference `cha:ApiUsability' on page 1 undefined on input line 4
3.


Package natbib Warning: Citation `acar2017' on page 1 undefined on input line 4
7.


Underfull \hbox (badness 10000) in paragraph at lines 43--49

 []


Package natbib Warning: Citation `nadi2016' on page 1 undefined on input line 5
6.

Package xcolor Info: Setting color `{}{0 g 0 G}{gray}{0}' on input line 58.
(C:\Users\sophie.pfister\AppData\Roaming\MiKTeX\tex/latex/microtype\mt-cmr.cfg
File: mt-cmr.cfg 2013/05/19 v2.2 microtype config. file: Computer Modern Roman 
(RS)
)
LaTeX Font Info:    Trying to load font information for U+msa on input line 58.

("C:\Program Files\MiKTeX\tex/latex/amsfonts\umsa.fd"
File: umsa.fd 2013/01/14 v3.01 AMS symbols A
)
(C:\Users\sophie.pfister\AppData\Roaming\MiKTeX\tex/latex/microtype\mt-msa.cfg
File: mt-msa.cfg 2006/02/04 v1.1 microtype config. file: AMS symbols (a) (RS)
)
LaTeX Font Info:    Trying to load font information for U+msb on input line 58.

("C:\Program Files\MiKTeX\tex/latex/amsfonts\umsb.fd"
File: umsb.fd 2013/01/14 v3.01 AMS symbols B
)
(C:\Users\sophie.pfister\AppData\Roaming\MiKTeX\tex/latex/microtype\mt-msb.cfg
File: mt-msb.cfg 2005/06/01 v1.0 microtype config. file: AMS symbols (b) (RS)
)
LaTeX Font Info:    Trying to load font information for U+stmry on input line 5
8.
(C:\Users\sophie.pfister\AppData\Roaming\MiKTeX\tex/latex/stmaryrd\ustmry.fd)
Package xcolor Info: Setting color `{}{0 g 0 G}{gray}{0}' on input line 58.
Package xcolor Info: Setting color `{}{0 0 1 rg 0 0 1 RG}{rgb}{0,0,1}' on input
 line 58.

[1


] [2]
Chapter 2.
Package xcolor Info: Setting color `{}{0.6 0.6 0.6 rg 0.6 0.6 0.6 RG}{rgb}{0.6,
0.6,0.6}' on input line 77.

Package natbib Warning: Citation `iso1998' on page 3 undefined on input line 82
.


Underfull \hbox (badness 10000) in paragraph at lines 82--85

 []


Package natbib Warning: Citation `zibran2008' on page 3 undefined on input line
 87.


Package natbib Warning: Citation `alonso2015' on page 3 undefined on input line
 88.


Package natbib Warning: Citation `mosquiera2018' on page 3 undefined on input l
ine 89.


Package natbib Warning: Citation `green2016' on page 3 undefined on input line 
95.

[3

]
Chapter 3.
Package xcolor Info: Setting color `{}{0.6 0.6 0.6 rg 0.6 0.6 0.6 RG}{rgb}{0.6,
0.6,0.6}' on input line 100.

Underfull \hbox (badness 10000) in paragraph at lines 102--107

 []


Underfull \hbox (badness 10000) in paragraph at lines 109--114

 []

[4

]
LaTeX Font Info:    Trying to load font information for OT1+pcr on input line 1
24.
 (C:\Users\sophie.pfister\AppData\Roaming\MiKTeX\tex/latex/psnfss\ot1pcr.fd
File: ot1pcr.fd 2001/06/04 font definitions for OT1/pcr.
)
Package microtype Info: Loading generic protrusion settings for font family
(microtype)             `pcr' (encoding: OT1).
(microtype)             For optimal results, create family-specific settings.
(microtype)             See the microtype manual for details.

Underfull \hbox (badness 10000) in paragraph at lines 124--131

 []

Package xcolor Info: Setting color `{}{0 0 1 rg 0 0 1 RG}{rgb}{0,0,1}' on input
 line 132.

LaTeX Warning: Reference `tab:SampleSize' on page 5 undefined on input line 135
.

Package xcolor Info: Setting color `{}{0 g 0 G}{gray}{0}' on input line 159.
Package xcolor Info: Setting color `{}{0 g 0 G}{gray}{0}' on input line 159.
[5]

Package natbib Warning: Citation `mayring2015' on page 6 undefined on input lin
e 170.


LaTeX Warning: Reference `cha:AWI' on page 6 undefined on input line 174.


Underfull \hbox (badness 10000) in paragraph at lines 169--175

 []


Underfull \hbox (badness 10000) in paragraph at lines 176--179

 []


Underfull \hbox (badness 10000) in paragraph at lines 189--193

 []

[6]
Underfull \hbox (badness 10000) in paragraph at lines 205--212

 []


Package natbib Warning: Citation `javaReferenceGuide' on page 7 undefined on in
put line 215.

LaTeX Font Info:    Trying to load font information for TS1+ptm on input line 2
19.
(C:\Users\sophie.pfister\AppData\Roaming\MiKTeX\tex/latex/psnfss\ts1ptm.fd
File: ts1ptm.fd 2001/06/04 font definitions for TS1/ptm.
)
[7] [8]
Underfull \hbox (badness 10000) in paragraph at lines 266--267

 []


Package natbib Warning: Citation `sommerville2011' on page 9 undefined on input
 line 272.


LaTeX Warning: Reference `cha:MetSec' on page 9 undefined on input line 287.

Package xcolor Info: Setting color `{}{0 0 1 0 k 0 0 1 0 K}{cmyk}{0,0,1,0}' on 
input line 296.
[9] [10]

Package natbib Warning: Citation `piccolboni2020' on page 11 undefined on input
 line 308.


Package natbib Warning: Citation `kruger2019' on page 11 undefined on input lin
e 308.


LaTeX Warning: Reference `cha:MetIssues' on page 11 undefined on input line 309
.


Package natbib Warning: Citation `piccolboni2020' on page 11 undefined on input
 line 311.

<images//Rules.png, id=99, 238.39063pt x 253.94875pt>
File: images//Rules.png Graphic file (type png)
<use images//Rules.png>
Package pdftex.def Info: images//Rules.png  used on input line 318.
(pdftex.def)             Requested size: 292.77629pt x 311.90173pt.
[11 <C:/Users/sophie.pfister/Google Drive/Bachelor Thesis _ Sophie Pfister/LaTe
X/Thesis/images//Rules.png>]
Package xcolor Info: Setting color `{}{0 0 1 0 k 0 0 1 0 K}{cmyk}{0,0,1,0}' on 
input line 342.
 [12]

Package natbib Warning: Citation `javaReferenceGuide' on page 13 undefined on i
nput line 350.


Package natbib Warning: Citation `javaStandardAlgorithmName' on page 13 undefin
ed on input line 351.


Package natbib Warning: Citation `javaxCrypto' on page 13 undefined on input li
ne 352.


Underfull \hbox (badness 10000) in paragraph at lines 348--354

 []

Package xcolor Info: Setting color `{}{0 g 0 G}{gray}{0}' on input line 358.

Underfull \hbox (badness 10000) in paragraph at lines 362--365

 []

[13]
Underfull \hbox (badness 10000) in paragraph at lines 384--390

 []

[14]
Chapter 4.
Package xcolor Info: Setting color `{}{0.6 0.6 0.6 rg 0.6 0.6 0.6 RG}{rgb}{0.6,
0.6,0.6}' on input line 394.
Package xcolor Info: Setting color `{}{0 0 1 0 k 0 0 1 0 K}{cmyk}{0,0,1,0}' on 
input line 398.
<images//TechnicalAspects.png, id=128, 307.64937pt x 163.10938pt>
File: images//TechnicalAspects.png Graphic file (type png)
<use images//TechnicalAspects.png>
Package pdftex.def Info: images//TechnicalAspects.png  used on input line 409.
(pdftex.def)             Requested size: 397.3397pt x 210.67577pt.

LaTeX Warning: `h' float specifier changed to `ht'.


LaTeX Warning: Reference `fig:TechAspPlot' on page 15 undefined on input line 4
16.


LaTeX Warning: Reference `tab:TechAspTab' on page 15 undefined on input line 42
8.


! Package array Error:  Illegal pream-token (\centering): `c' used.

See the array package documentation for explanation.
Type  H <return>  for immediate help.
 ...                                              
                                                  
l.430 \centering
                
? 
<images//TechAspTable.png, id=129, 507.8975pt x 248.93pt>
File: images//TechAspTable.png Graphic file (type png)
<use images//TechAspTable.png>
Package pdftex.def Info: images//TechAspTable.png  used on input line 431.
(pdftex.def)             Requested size: 418.25368pt x 205.00133pt.

! LaTeX Error: \caption outside float.

See the LaTeX manual or LaTeX Companion for explanation.
Type  H <return>  for immediate help.
 ...                                              
                                                  
l.432 \caption
              {Number of Issues Assigned to a Technical Aspects  Subcategory...

? 

Overfull \hbox (379.33363pt too wide) in paragraph at lines 416--435
[] 
 []

[15

]

LaTeX Warning: Reference `cha:ResSec' on page 16 undefined on input line 441.

[16 <C:/Users/sophie.pfister/Google Drive/Bachelor Thesis _ Sophie Pfister/LaTe
X/Thesis/images//TechnicalAspects.png> <C:/Users/sophie.pfister/Google Drive/Ba
chelor Thesis _ Sophie Pfister/LaTeX/Thesis/images//TechAspTable.png>]
Package xcolor Info: Setting color `{}{0 0 1 0 k 0 0 1 0 K}{cmyk}{0,0,1,0}' on 
input line 454.

Underfull \hbox (badness 10000) in paragraph at lines 453--456

 []

[17]
Chapter 5.
Package xcolor Info: Setting color `{}{0.6 0.6 0.6 rg 0.6 0.6 0.6 RG}{rgb}{0.6,
0.6,0.6}' on input line 462.

Underfull \hbox (badness 10000) in paragraph at lines 473--475

 []


Underfull \hbox (badness 10000) in paragraph at lines 477--485

 []

[18

] [19]
Chapter 6.
Package xcolor Info: Setting color `{}{0.6 0.6 0.6 rg 0.6 0.6 0.6 RG}{rgb}{0.6,
0.6,0.6}' on input line 497.

Package natbib Warning: Citation `mayring2015' on page 20 undefined on input li
ne 499.


LaTeX Warning: Reference `cha:MetIssues' on page 20 undefined on input line 500
.


Package natbib Warning: Citation `stackoverflow2020' on page 20 undefined on in
put line 513.

[20

]

Package natbib Warning: Citation `nadi2016' on page 21 undefined on input line 
525.


Package natbib Warning: Citation `nadi2016' on page 21 undefined on input line 
527.


Underfull \hbox (badness 10000) in paragraph at lines 523--528

 []

Package xcolor Info: Setting color `{}{0 0 1 rg 0 0 1 RG}{rgb}{0,0,1}' on input
 line 549.
Package xcolor Info: Setting color `{}{0 0 1 rg 0 0 1 RG}{rgb}{0,0,1}' on input
 line 552.
Package xcolor Info: Setting color `{}{0 0 1 rg 0 0 1 RG}{rgb}{0,0,1}' on input
 line 555.
[21]
Package xcolor Info: Setting color `{}{0 0 1 rg 0 0 1 RG}{rgb}{0,0,1}' on input
 line 560.
Package xcolor Info: Setting color `{}{0 0 1 rg 0 0 1 RG}{rgb}{0,0,1}' on input
 line 562.
Package xcolor Info: Setting color `{}{0 0 1 rg 0 0 1 RG}{rgb}{0,0,1}' on input
 line 565.
LaTeX Font Info:    Font shape `OT1/pcr/m/it' in size <10> not available
(Font)              Font shape `OT1/pcr/m/sl' tried instead on input line 565.
Package xcolor Info: Setting color `{}{0 0 1 rg 0 0 1 RG}{rgb}{0,0,1}' on input
 line 568.

Underfull \hbox (badness 10000) in paragraph at lines 589--592

 []

No file thesis.bbl.
[22] [23]
Chapter 7.
Package xcolor Info: Setting color `{}{0.6 0.6 0.6 rg 0.6 0.6 0.6 RG}{rgb}{0.6,
0.6,0.6}' on input line 609.
[24

]
Chapter 8.
Package xcolor Info: Setting color `{}{0.6 0.6 0.6 rg 0.6 0.6 0.6 RG}{rgb}{0.6,
0.6,0.6}' on input line 614.
[25

]
<images//Scheme.png, id=205, 765.86125pt x 884.30376pt>
File: images//Scheme.png Graphic file (type png)
<use images//Scheme.png>
Package pdftex.def Info: images//Scheme.png  used on input line 618.
(pdftex.def)             Requested size: 418.25368pt x 482.94125pt.
 [26 <C:/Users/sophie.pfister/Google Drive/Bachelor Thesis _ Sophie Pfister/LaT
eX/Thesis/images//Scheme.png>]

Package natbib Warning: There were undefined citations.

[27] (thesis.aux)

LaTeX Warning: There were undefined references.


LaTeX Warning: Label(s) may have changed. Rerun to get cross-references right.


Package rerunfilecheck Warning: File `thesis.out' has changed.
(rerunfilecheck)                Rerun to get outlines right
(rerunfilecheck)                or use package `bookmark'.

Package rerunfilecheck Info: Checksums for `thesis.out':
(rerunfilecheck)             Before: <no file>
(rerunfilecheck)             After:  4861A6C0521729BA5D4FCBD83E5E0F95;2447.
 ) 
Here is how much of TeX's memory you used:
 14279 strings out of 479618
 216858 string characters out of 2874876
 578740 words of memory out of 3000000
 30679 multiletter control sequences out of 15000+200000
 455826 words of font info for 309 fonts, out of 3000000 for 9000
 1141 hyphenation exceptions out of 8191
 76i,14n,78p,539b,1297s stack positions out of 5000i,500n,10000p,200000b,50000s
{C:/Program Files/MiKTeX/fonts/enc/dvips/base/8r.enc}<C:/Program Files/MiKTeX
/fonts/type1/public/amsfonts/cm/cmmi12.pfb><C:/Program Files/MiKTeX/fonts/type1
/public/amsfonts/cm/cmr12.pfb><C:/Program Files/MiKTeX/fonts/type1/public/amsfo
nts/cm/cmr8.pfb><C:/Users/sophie.pfister/AppData/Roaming/MiKTeX/fonts/type1/ado
be/utopia/putb8a.pfb><C:/Program Files/MiKTeX/fonts/type1/urw/courier/ucrr8a.pf
b><C:/Program Files/MiKTeX/fonts/type1/urw/courier/ucrro8a.pfb><C:/Program File
s/MiKTeX/fonts/type1/urw/times/utmb8a.pfb><C:/Program Files/MiKTeX/fonts/type1/
urw/times/utmbi8a.pfb><C:/Program Files/MiKTeX/fonts/type1/urw/times/utmr8a.pfb
><C:/Program Files/MiKTeX/fonts/type1/urw/times/utmr8a.pfb><C:/Program Files/Mi
KTeX/fonts/type1/urw/times/utmri8a.pfb>
Output written on thesis.pdf (31 pages, 304183 bytes).
PDF statistics:
 274 PDF objects out of 1000 (max. 8388607)
 83 named destinations out of 1000 (max. 500000)
 70682 words of extra memory for PDF output out of 74296 (max. 10000000)

